Using pre-set license
Built from '2021.1/staging' branch; Version is '2021.1.7f1 (d91830b65d9b) revision 14227504'; Using compiler version '192528614'; Build Type 'Release'
OS: 'Windows 10 Home; OS build 19042.1237; Version 2009; 64bit' Language: 'en' Physical Memory: 32710 MB
BatchMode: 1, IsHumanControllingUs: 0, StartBugReporterOnCrash: 0, Is64bit: 1, IsPro: 0

 COMMAND LINE ARGUMENTS:
C:\Program Files\Unity\Hub\Editor\2021.1.7f1\Editor\Unity.exe
-adb2
-batchMode
-noUpm
-name
AssetImportWorker0
-projectPath
C:/Users/arthi/Documents/UnityProjects/MidtermProject
-logFile
Logs/AssetImportWorker0.log
-srvPort
10430
Successfully changed project path to: C:/Users/arthi/Documents/UnityProjects/MidtermProject
C:/Users/arthi/Documents/UnityProjects/MidtermProject
Using Asset Import Pipeline V2.
Refreshing native plugins compatible for Editor in 63.98 ms, found 2 plugins.
Preloading 0 native plugins for Editor in 0.00 ms.
Initialize engine version: 2021.1.7f1 (d91830b65d9b)
[Subsystems] Discovering subsystems at path C:/Program Files/Unity/Hub/Editor/2021.1.7f1/Editor/Data/Resources/UnitySubsystems
[Subsystems] Discovering subsystems at path C:/Users/arthi/Documents/UnityProjects/MidtermProject/Assets
GfxDevice: creating device client; threaded=0; jobified=0
Direct3D:
    Version:  Direct3D 11.0 [level 11.1]
    Renderer: NVIDIA GeForce GTX 1660 SUPER (ID=0x21c4)
    Vendor:   NVIDIA
    VRAM:     5991 MB
    Driver:   30.0.14.7212
Initialize mono
Mono path[0] = 'C:/Program Files/Unity/Hub/Editor/2021.1.7f1/Editor/Data/Managed'
Mono path[1] = 'C:/Program Files/Unity/Hub/Editor/2021.1.7f1/Editor/Data/MonoBleedingEdge/lib/mono/unityjit'
Mono config path = 'C:/Program Files/Unity/Hub/Editor/2021.1.7f1/Editor/Data/MonoBleedingEdge/etc'
Using monoOptions --debugger-agent=transport=dt_socket,embedding=1,server=y,suspend=n,address=127.0.0.1:56176
Begin MonoManager ReloadAssembly
Registering precompiled unity dll's ...
Register platform support module: C:/Program Files/Unity/Hub/Editor/2021.1.7f1/Editor/Data/PlaybackEngines/WebGLSupport/UnityEditor.WebGL.Extensions.dll
Register platform support module: C:/Program Files/Unity/Hub/Editor/2021.1.7f1/Editor/Data/PlaybackEngines/WindowsStandaloneSupport/UnityEditor.WindowsStandalone.Extensions.dll
Registered in 0.002083 seconds.
Native extension for WindowsStandalone target not found
Native extension for WebGL target not found
Refreshing native plugins compatible for Editor in 63.93 ms, found 2 plugins.
Preloading 0 native plugins for Editor in 0.00 ms.
Mono: successfully reloaded assembly
- Completed reload, in  1.647 seconds
Platform modules already initialized, skipping
Registering precompiled user dll's ...
Registered in 0.002325 seconds.
Begin MonoManager ReloadAssembly
Symbol file LoadedFromMemory doesn't match image C:\Users\arthi\Documents\UnityProjects\MidtermProject\Library\PackageCache\com.unity.visualscripting@1.6.1\Editor\VisualScripting.Core\Dependencies\YamlDotNet\Unity.VisualScripting.YamlDotNet.dll
Symbol file LoadedFromMemory doesn't match image C:\Users\arthi\Documents\UnityProjects\MidtermProject\Library\PackageCache\com.unity.visualscripting@1.6.1\Editor\VisualScripting.Core\Dependencies\DotNetZip\Unity.VisualScripting.IonicZip.dll
Native extension for WindowsStandalone target not found
Native extension for WebGL target not found
Refreshing native plugins compatible for Editor in 0.45 ms, found 2 plugins.
Preloading 0 native plugins for Editor in 0.00 ms.
Mono: successfully reloaded assembly
- Completed reload, in  0.805 seconds
Platform modules already initialized, skipping
========================================================================
Worker process is ready to serve import requests
Launched and connected shader compiler UnityShaderCompiler.exe after 0.03 seconds
Refreshing native plugins compatible for Editor in 0.45 ms, found 2 plugins.
Preloading 0 native plugins for Editor in 0.00 ms.
Unloading 2668 Unused Serialized files (Serialized files now loaded: 0)
System memory in use before: 98.2 MB.
System memory in use after: 98.3 MB.

Unloading 15 unused Assets to reduce memory usage. Loaded Objects now: 3120.
Total: 1.771800 ms (FindLiveObjects: 0.174000 ms CreateObjectMapping: 0.100000 ms MarkObjects: 1.440900 ms  DeleteObjects: 0.056000 ms)

========================================================================
Received Import Request.
  path: Assets/Prefabs
  artifactKey: Guid(ba87bb9a211d5974ba3f68684b15d16f) Importer(815301076,1909f56bfc062723c751e8b465ee728b)
Start importing Assets/Prefabs using Guid(ba87bb9a211d5974ba3f68684b15d16f) Importer(815301076,1909f56bfc062723c751e8b465ee728b)  -> (artifact id: 'd5da970641bf337853f64dac1d82eff4') in 0.011765 seconds 
========================================================================
Received Import Request.
  Time since last request: 15.612360 seconds.
  path: Assets
  artifactKey: Guid(00000000000000001000000000000000) Importer(815301076,1909f56bfc062723c751e8b465ee728b)
Start importing Assets using Guid(00000000000000001000000000000000) Importer(815301076,1909f56bfc062723c751e8b465ee728b)  -> (artifact id: '42d402b061de3733987d63b9cc3b64de') in 0.006196 seconds 
========================================================================
Received Import Request.
  Time since last request: 3.608675 seconds.
  path: Assets/Materials
  artifactKey: Guid(8157462e4e4fcf241909e88a818cd6e6) Importer(815301076,1909f56bfc062723c751e8b465ee728b)
Start importing Assets/Materials using Guid(8157462e4e4fcf241909e88a818cd6e6) Importer(815301076,1909f56bfc062723c751e8b465ee728b)  -> (artifact id: '17b3d5c02157f60598d1ef34dfab93ff') in 0.007851 seconds 
========================================================================
Received Import Request.
  Time since last request: 4.519470 seconds.
  path: Assets/Materials/M_Floor.mat
  artifactKey: Guid(ee399ad693efd304185189c05fded28b) Importer(815301076,1909f56bfc062723c751e8b465ee728b)
Start importing Assets/Materials/M_Floor.mat using Guid(ee399ad693efd304185189c05fded28b) Importer(815301076,1909f56bfc062723c751e8b465ee728b)  -> (artifact id: 'c03441d4b63e9bb3145b09d8e96d2010') in 0.098418 seconds 
========================================================================
Received Import Request.
  Time since last request: 7.386267 seconds.
  path: Assets/Materials/M_Floor.mat
  artifactKey: Guid(ee399ad693efd304185189c05fded28b) Importer(815301076,1909f56bfc062723c751e8b465ee728b)
Start importing Assets/Materials/M_Floor.mat using Guid(ee399ad693efd304185189c05fded28b) Importer(815301076,1909f56bfc062723c751e8b465ee728b)  -> (artifact id: '4710a47da0f71df2a9811b86b77d5fa6') in 0.019410 seconds 
========================================================================
Received Prepare
Registering precompiled user dll's ...
Registered in 0.002458 seconds.
Begin MonoManager ReloadAssembly
Symbol file LoadedFromMemory doesn't match image C:\Users\arthi\Documents\UnityProjects\MidtermProject\Library\PackageCache\com.unity.visualscripting@1.6.1\Editor\VisualScripting.Core\Dependencies\YamlDotNet\Unity.VisualScripting.YamlDotNet.dll
Symbol file LoadedFromMemory doesn't match image C:\Users\arthi\Documents\UnityProjects\MidtermProject\Library\PackageCache\com.unity.visualscripting@1.6.1\Editor\VisualScripting.Core\Dependencies\DotNetZip\Unity.VisualScripting.IonicZip.dll
Native extension for WindowsStandalone target not found
Native extension for WebGL target not found
Refreshing native plugins compatible for Editor in 0.42 ms, found 2 plugins.
Preloading 0 native plugins for Editor in 0.00 ms.
Mono: successfully reloaded assembly
- Completed reload, in  0.777 seconds
Platform modules already initialized, skipping
Refreshing native plugins compatible for Editor in 0.42 ms, found 2 plugins.
Preloading 0 native plugins for Editor in 0.00 ms.
Unloading 2663 Unused Serialized files (Serialized files now loaded: 0)
System memory in use before: 102.0 MB.
System memory in use after: 102.2 MB.

Unloading 10 unused Assets to reduce memory usage. Loaded Objects now: 3163.
Total: 1.710300 ms (FindLiveObjects: 0.176000 ms CreateObjectMapping: 0.092200 ms MarkObjects: 1.407300 ms  DeleteObjects: 0.034200 ms)

========================================================================
Received Import Request.
  Time since last request: 83.865106 seconds.
  path: Assets/Prefabs/Enemy.prefab
  artifactKey: Guid(83f5f0ffe96968549b538ac2894cb819) Importer(815301076,1909f56bfc062723c751e8b465ee728b)
Start importing Assets/Prefabs/Enemy.prefab using Guid(83f5f0ffe96968549b538ac2894cb819) Importer(815301076,1909f56bfc062723c751e8b465ee728b)  -> (artifact id: 'fab608e00a0e6b40d7770cc4b411da5f') in 0.060275 seconds 
========================================================================
Received Import Request.
  Time since last request: 3.322035 seconds.
  path: Assets/Prefabs/Enemy.prefab
  artifactKey: Guid(83f5f0ffe96968549b538ac2894cb819) Importer(815301076,1909f56bfc062723c751e8b465ee728b)
Start importing Assets/Prefabs/Enemy.prefab using Guid(83f5f0ffe96968549b538ac2894cb819) Importer(815301076,1909f56bfc062723c751e8b465ee728b)  -> (artifact id: '526d9a31a77990ea1b146a550d1b9e8a') in 0.012443 seconds 
========================================================================
Received Import Request.
  Time since last request: 5.211703 seconds.
  path: Assets/Prefabs/Enemy.prefab
  artifactKey: Guid(83f5f0ffe96968549b538ac2894cb819) Importer(815301076,1909f56bfc062723c751e8b465ee728b)
Start importing Assets/Prefabs/Enemy.prefab using Guid(83f5f0ffe96968549b538ac2894cb819) Importer(815301076,1909f56bfc062723c751e8b465ee728b)  -> (artifact id: '57e26abc486d3284b9b4d9d2938da26c') in 0.015471 seconds 
========================================================================
Received Import Request.
  Time since last request: 2.807325 seconds.
  path: Assets/Prefabs/Enemy.prefab
  artifactKey: Guid(83f5f0ffe96968549b538ac2894cb819) Importer(815301076,1909f56bfc062723c751e8b465ee728b)
Start importing Assets/Prefabs/Enemy.prefab using Guid(83f5f0ffe96968549b538ac2894cb819) Importer(815301076,1909f56bfc062723c751e8b465ee728b)  -> (artifact id: '2e19c90f7f8163a053a2e696a0d51d1e') in 0.015158 seconds 
========================================================================
Received Import Request.
  Time since last request: 1.391101 seconds.
  path: Assets/Prefabs/Enemy.prefab
  artifactKey: Guid(83f5f0ffe96968549b538ac2894cb819) Importer(815301076,1909f56bfc062723c751e8b465ee728b)
Start importing Assets/Prefabs/Enemy.prefab using Guid(83f5f0ffe96968549b538ac2894cb819) Importer(815301076,1909f56bfc062723c751e8b465ee728b)  -> (artifact id: '66453641d7b4ec8408f0878409ebd263') in 0.011892 seconds 
========================================================================
Received Import Request.
  Time since last request: 1.598197 seconds.
  path: Assets/Prefabs/Enemy.prefab
  artifactKey: Guid(83f5f0ffe96968549b538ac2894cb819) Importer(815301076,1909f56bfc062723c751e8b465ee728b)
Start importing Assets/Prefabs/Enemy.prefab using Guid(83f5f0ffe96968549b538ac2894cb819) Importer(815301076,1909f56bfc062723c751e8b465ee728b)  -> (artifact id: '03f7cfbf0d9171c7f164796d9084ecca') in 0.012249 seconds 
========================================================================
Received Import Request.
  Time since last request: 4.816717 seconds.
  path: Assets/Prefabs/Enemy.prefab
  artifactKey: Guid(83f5f0ffe96968549b538ac2894cb819) Importer(815301076,1909f56bfc062723c751e8b465ee728b)
Start importing Assets/Prefabs/Enemy.prefab using Guid(83f5f0ffe96968549b538ac2894cb819) Importer(815301076,1909f56bfc062723c751e8b465ee728b)  -> (artifact id: 'a581ee6a4183480d5cb888a58a307b1a') in 0.012171 seconds 
========================================================================
Received Import Request.
  Time since last request: 14.743877 seconds.
  path: Assets/Materials/M_Enemy.mat
  artifactKey: Guid(4db7c13683ac3314483aa4aa4f9e6b1d) Importer(815301076,1909f56bfc062723c751e8b465ee728b)
Start importing Assets/Materials/M_Enemy.mat using Guid(4db7c13683ac3314483aa4aa4f9e6b1d) Importer(815301076,1909f56bfc062723c751e8b465ee728b)  -> (artifact id: 'b7ffa0decdcf515c398a831b98febb8b') in 0.024233 seconds 
========================================================================
Received Import Request.
  Time since last request: 12.983426 seconds.
  path: Assets/Materials/M_Enemy.mat
  artifactKey: Guid(4db7c13683ac3314483aa4aa4f9e6b1d) Importer(815301076,1909f56bfc062723c751e8b465ee728b)
Start importing Assets/Materials/M_Enemy.mat using Guid(4db7c13683ac3314483aa4aa4f9e6b1d) Importer(815301076,1909f56bfc062723c751e8b465ee728b)  -> (artifact id: '0dd94cfd92239f0506019ecca4fd3405') in 0.010404 seconds 
========================================================================
Received Import Request.
  Time since last request: 38.104369 seconds.
  path: Assets/Prefabs/Enemy.prefab
  artifactKey: Guid(83f5f0ffe96968549b538ac2894cb819) Importer(815301076,1909f56bfc062723c751e8b465ee728b)
Start importing Assets/Prefabs/Enemy.prefab using Guid(83f5f0ffe96968549b538ac2894cb819) Importer(815301076,1909f56bfc062723c751e8b465ee728b)  -> (artifact id: 'fe054b5f5a7491a9f9b83e573ddf898c') in 0.010142 seconds 
========================================================================
Received Prepare
Registering precompiled user dll's ...
Registered in 0.002061 seconds.
Begin MonoManager ReloadAssembly
Symbol file LoadedFromMemory doesn't match image C:\Users\arthi\Documents\UnityProjects\MidtermProject\Library\PackageCache\com.unity.visualscripting@1.6.1\Editor\VisualScripting.Core\Dependencies\YamlDotNet\Unity.VisualScripting.YamlDotNet.dll
Symbol file LoadedFromMemory doesn't match image C:\Users\arthi\Documents\UnityProjects\MidtermProject\Library\PackageCache\com.unity.visualscripting@1.6.1\Editor\VisualScripting.Core\Dependencies\DotNetZip\Unity.VisualScripting.IonicZip.dll
Native extension for WindowsStandalone target not found
Native extension for WebGL target not found
Refreshing native plugins compatible for Editor in 0.43 ms, found 2 plugins.
Preloading 0 native plugins for Editor in 0.00 ms.
Mono: successfully reloaded assembly
- Completed reload, in  1.472 seconds
Platform modules already initialized, skipping
Refreshing native plugins compatible for Editor in 0.47 ms, found 2 plugins.
Preloading 0 native plugins for Editor in 0.00 ms.
Unloading 2663 Unused Serialized files (Serialized files now loaded: 0)
System memory in use before: 102.1 MB.
System memory in use after: 102.3 MB.

Unloading 11 unused Assets to reduce memory usage. Loaded Objects now: 3169.
Total: 1.668400 ms (FindLiveObjects: 0.178200 ms CreateObjectMapping: 0.098700 ms MarkObjects: 1.314800 ms  DeleteObjects: 0.075800 ms)

========================================================================
Received Import Request.
  Time since last request: 31.874794 seconds.
  path: Assets/Prefabs/Enemy.prefab
  artifactKey: Guid(83f5f0ffe96968549b538ac2894cb819) Importer(815301076,1909f56bfc062723c751e8b465ee728b)
Start importing Assets/Prefabs/Enemy.prefab using Guid(83f5f0ffe96968549b538ac2894cb819) Importer(815301076,1909f56bfc062723c751e8b465ee728b)  -> (artifact id: '432a3076da0fbd981699c170d8cb208b') in 0.047694 seconds 
========================================================================
Received Import Request.
  Time since last request: 1.242039 seconds.
  path: Assets/Prefabs/Enemy.prefab
  artifactKey: Guid(83f5f0ffe96968549b538ac2894cb819) Importer(815301076,1909f56bfc062723c751e8b465ee728b)
Start importing Assets/Prefabs/Enemy.prefab using Guid(83f5f0ffe96968549b538ac2894cb819) Importer(815301076,1909f56bfc062723c751e8b465ee728b)  -> (artifact id: '7bbeee4868dc0995948910dff302bc58') in 0.012935 seconds 
========================================================================
Received Import Request.
  Time since last request: 1.591147 seconds.
  path: Assets/Prefabs/Enemy.prefab
  artifactKey: Guid(83f5f0ffe96968549b538ac2894cb819) Importer(815301076,1909f56bfc062723c751e8b465ee728b)
Start importing Assets/Prefabs/Enemy.prefab using Guid(83f5f0ffe96968549b538ac2894cb819) Importer(815301076,1909f56bfc062723c751e8b465ee728b)  -> (artifact id: '3e2e92b82710e8dac3d711117c8cca80') in 0.013849 seconds 
========================================================================
Received Import Request.
  Time since last request: 0.195970 seconds.
  path: Assets/Prefabs/Enemy.prefab
  artifactKey: Guid(83f5f0ffe96968549b538ac2894cb819) Importer(815301076,1909f56bfc062723c751e8b465ee728b)
Start importing Assets/Prefabs/Enemy.prefab using Guid(83f5f0ffe96968549b538ac2894cb819) Importer(815301076,1909f56bfc062723c751e8b465ee728b)  -> (artifact id: 'd9e5c820194e589e3bbe7274fbf4a202') in 0.008854 seconds 
========================================================================
Received Import Request.
  Time since last request: 3.212009 seconds.
  path: Assets/Prefabs/Enemy.prefab
  artifactKey: Guid(83f5f0ffe96968549b538ac2894cb819) Importer(815301076,1909f56bfc062723c751e8b465ee728b)
Start importing Assets/Prefabs/Enemy.prefab using Guid(83f5f0ffe96968549b538ac2894cb819) Importer(815301076,1909f56bfc062723c751e8b465ee728b)  -> (artifact id: '09afd8effc4bb52a9551be9fa3e8b443') in 0.007860 seconds 
========================================================================
Received Import Request.
  Time since last request: 1.000017 seconds.
  path: Assets/Prefabs/Enemy.prefab
  artifactKey: Guid(83f5f0ffe96968549b538ac2894cb819) Importer(815301076,1909f56bfc062723c751e8b465ee728b)
Start importing Assets/Prefabs/Enemy.prefab using Guid(83f5f0ffe96968549b538ac2894cb819) Importer(815301076,1909f56bfc062723c751e8b465ee728b)  -> (artifact id: '74363c982ea15b4c3277814e789290c3') in 0.011844 seconds 
========================================================================
Received Import Request.
  Time since last request: 2.802309 seconds.
  path: Assets/Prefabs/Enemy.prefab
  artifactKey: Guid(83f5f0ffe96968549b538ac2894cb819) Importer(815301076,1909f56bfc062723c751e8b465ee728b)
Start importing Assets/Prefabs/Enemy.prefab using Guid(83f5f0ffe96968549b538ac2894cb819) Importer(815301076,1909f56bfc062723c751e8b465ee728b)  -> (artifact id: '00b48aa76e1d0ef53443d7b56c935cb6') in 0.011940 seconds 
========================================================================
Received Import Request.
  Time since last request: 3.818198 seconds.
  path: Assets/Prefabs/Enemy.prefab
  artifactKey: Guid(83f5f0ffe96968549b538ac2894cb819) Importer(815301076,1909f56bfc062723c751e8b465ee728b)
Start importing Assets/Prefabs/Enemy.prefab using Guid(83f5f0ffe96968549b538ac2894cb819) Importer(815301076,1909f56bfc062723c751e8b465ee728b)  -> (artifact id: 'e58e4d1924f301c9207b598bbb9acd78') in 0.010581 seconds 
========================================================================
Received Import Request.
  Time since last request: 3.421903 seconds.
  path: Assets/Prefabs/Enemy.prefab
  artifactKey: Guid(83f5f0ffe96968549b538ac2894cb819) Importer(815301076,1909f56bfc062723c751e8b465ee728b)
Start importing Assets/Prefabs/Enemy.prefab using Guid(83f5f0ffe96968549b538ac2894cb819) Importer(815301076,1909f56bfc062723c751e8b465ee728b)  -> (artifact id: '501c5bde5300747666ed58286566a0af') in 0.012602 seconds 
========================================================================
Received Import Request.
  Time since last request: 13.813762 seconds.
  path: Assets/Prefabs/Enemy.prefab
  artifactKey: Guid(83f5f0ffe96968549b538ac2894cb819) Importer(815301076,1909f56bfc062723c751e8b465ee728b)
Start importing Assets/Prefabs/Enemy.prefab using Guid(83f5f0ffe96968549b538ac2894cb819) Importer(815301076,1909f56bfc062723c751e8b465ee728b)  -> (artifact id: '16f50514798b377ddc5f6a2505deb432') in 0.011696 seconds 
========================================================================
Received Prepare
Registering precompiled user dll's ...
Registered in 0.002187 seconds.
Begin MonoManager ReloadAssembly
Symbol file LoadedFromMemory doesn't match image C:\Users\arthi\Documents\UnityProjects\MidtermProject\Library\PackageCache\com.unity.visualscripting@1.6.1\Editor\VisualScripting.Core\Dependencies\YamlDotNet\Unity.VisualScripting.YamlDotNet.dll
Symbol file LoadedFromMemory doesn't match image C:\Users\arthi\Documents\UnityProjects\MidtermProject\Library\PackageCache\com.unity.visualscripting@1.6.1\Editor\VisualScripting.Core\Dependencies\DotNetZip\Unity.VisualScripting.IonicZip.dll
Native extension for WindowsStandalone target not found
Native extension for WebGL target not found
Refreshing native plugins compatible for Editor in 0.66 ms, found 2 plugins.
Preloading 0 native plugins for Editor in 0.00 ms.
Mono: successfully reloaded assembly
- Completed reload, in  0.766 seconds
Platform modules already initialized, skipping
Refreshing native plugins compatible for Editor in 0.42 ms, found 2 plugins.
Preloading 0 native plugins for Editor in 0.00 ms.
Unloading 2663 Unused Serialized files (Serialized files now loaded: 0)
System memory in use before: 102.2 MB.
System memory in use after: 102.4 MB.

Unloading 10 unused Assets to reduce memory usage. Loaded Objects now: 3173.
Total: 1.798300 ms (FindLiveObjects: 0.173900 ms CreateObjectMapping: 0.096300 ms MarkObjects: 1.383900 ms  DeleteObjects: 0.143200 ms)

========================================================================
Received Prepare
Registering precompiled user dll's ...
Registered in 0.002822 seconds.
Begin MonoManager ReloadAssembly
Symbol file LoadedFromMemory doesn't match image C:\Users\arthi\Documents\UnityProjects\MidtermProject\Library\PackageCache\com.unity.visualscripting@1.6.1\Editor\VisualScripting.Core\Dependencies\YamlDotNet\Unity.VisualScripting.YamlDotNet.dll
Symbol file LoadedFromMemory doesn't match image C:\Users\arthi\Documents\UnityProjects\MidtermProject\Library\PackageCache\com.unity.visualscripting@1.6.1\Editor\VisualScripting.Core\Dependencies\DotNetZip\Unity.VisualScripting.IonicZip.dll
Native extension for WindowsStandalone target not found
Native extension for WebGL target not found
Refreshing native plugins compatible for Editor in 0.67 ms, found 2 plugins.
Preloading 0 native plugins for Editor in 0.00 ms.
Mono: successfully reloaded assembly
- Completed reload, in  0.778 seconds
Platform modules already initialized, skipping
Refreshing native plugins compatible for Editor in 0.48 ms, found 2 plugins.
Preloading 0 native plugins for Editor in 0.00 ms.
Unloading 2663 Unused Serialized files (Serialized files now loaded: 0)
System memory in use before: 102.2 MB.
System memory in use after: 102.4 MB.

Unloading 10 unused Assets to reduce memory usage. Loaded Objects now: 3176.
Total: 2.023000 ms (FindLiveObjects: 0.220700 ms CreateObjectMapping: 0.157900 ms MarkObjects: 1.583000 ms  DeleteObjects: 0.060300 ms)

========================================================================
Received Prepare
Registering precompiled user dll's ...
Registered in 0.002147 seconds.
Begin MonoManager ReloadAssembly
Symbol file LoadedFromMemory doesn't match image C:\Users\arthi\Documents\UnityProjects\MidtermProject\Library\PackageCache\com.unity.visualscripting@1.6.1\Editor\VisualScripting.Core\Dependencies\YamlDotNet\Unity.VisualScripting.YamlDotNet.dll
Symbol file LoadedFromMemory doesn't match image C:\Users\arthi\Documents\UnityProjects\MidtermProject\Library\PackageCache\com.unity.visualscripting@1.6.1\Editor\VisualScripting.Core\Dependencies\DotNetZip\Unity.VisualScripting.IonicZip.dll
Native extension for WindowsStandalone target not found
Native extension for WebGL target not found
Refreshing native plugins compatible for Editor in 0.56 ms, found 2 plugins.
Preloading 0 native plugins for Editor in 0.00 ms.
Mono: successfully reloaded assembly
- Completed reload, in  0.806 seconds
Platform modules already initialized, skipping
Refreshing native plugins compatible for Editor in 0.47 ms, found 2 plugins.
Preloading 0 native plugins for Editor in 0.00 ms.
Unloading 2663 Unused Serialized files (Serialized files now loaded: 0)
System memory in use before: 102.2 MB.
System memory in use after: 102.4 MB.

Unloading 10 unused Assets to reduce memory usage. Loaded Objects now: 3179.
Total: 1.685500 ms (FindLiveObjects: 0.170900 ms CreateObjectMapping: 0.090400 ms MarkObjects: 1.389100 ms  DeleteObjects: 0.034600 ms)

========================================================================
Received Import Request.
  Time since last request: 225.421541 seconds.
  path: Assets/Prefabs/Enemy.prefab
  artifactKey: Guid(83f5f0ffe96968549b538ac2894cb819) Importer(815301076,1909f56bfc062723c751e8b465ee728b)
Start importing Assets/Prefabs/Enemy.prefab using Guid(83f5f0ffe96968549b538ac2894cb819) Importer(815301076,1909f56bfc062723c751e8b465ee728b)  -> (artifact id: '7cd63d8c28902da662e72888d3e8c287') in 0.047971 seconds 
========================================================================
Received Prepare
Registering precompiled user dll's ...
Registered in 0.002151 seconds.
Begin MonoManager ReloadAssembly
Symbol file LoadedFromMemory doesn't match image C:\Users\arthi\Documents\UnityProjects\MidtermProject\Library\PackageCache\com.unity.visualscripting@1.6.1\Editor\VisualScripting.Core\Dependencies\YamlDotNet\Unity.VisualScripting.YamlDotNet.dll
Symbol file LoadedFromMemory doesn't match image C:\Users\arthi\Documents\UnityProjects\MidtermProject\Library\PackageCache\com.unity.visualscripting@1.6.1\Editor\VisualScripting.Core\Dependencies\DotNetZip\Unity.VisualScripting.IonicZip.dll
Native extension for WindowsStandalone target not found
Native extension for WebGL target not found
Refreshing native plugins compatible for Editor in 0.42 ms, found 2 plugins.
Preloading 0 native plugins for Editor in 0.00 ms.
Mono: successfully reloaded assembly
- Completed reload, in  0.774 seconds
Platform modules already initialized, skipping
Refreshing native plugins compatible for Editor in 0.41 ms, found 2 plugins.
Preloading 0 native plugins for Editor in 0.00 ms.
Unloading 2663 Unused Serialized files (Serialized files now loaded: 0)
System memory in use before: 102.2 MB.
System memory in use after: 102.4 MB.

Unloading 10 unused Assets to reduce memory usage. Loaded Objects now: 3183.
Total: 1.606400 ms (FindLiveObjects: 0.184900 ms CreateObjectMapping: 0.102800 ms MarkObjects: 1.284200 ms  DeleteObjects: 0.033700 ms)

========================================================================
Received Prepare
Registering precompiled user dll's ...
Registered in 0.002580 seconds.
Begin MonoManager ReloadAssembly
Symbol file LoadedFromMemory doesn't match image C:\Users\arthi\Documents\UnityProjects\MidtermProject\Library\PackageCache\com.unity.visualscripting@1.6.1\Editor\VisualScripting.Core\Dependencies\YamlDotNet\Unity.VisualScripting.YamlDotNet.dll
Symbol file LoadedFromMemory doesn't match image C:\Users\arthi\Documents\UnityProjects\MidtermProject\Library\PackageCache\com.unity.visualscripting@1.6.1\Editor\VisualScripting.Core\Dependencies\DotNetZip\Unity.VisualScripting.IonicZip.dll
Native extension for WindowsStandalone target not found
Native extension for WebGL target not found
Refreshing native plugins compatible for Editor in 0.47 ms, found 2 plugins.
Preloading 0 native plugins for Editor in 0.00 ms.
Mono: successfully reloaded assembly
- Completed reload, in  0.810 seconds
Platform modules already initialized, skipping
Refreshing native plugins compatible for Editor in 0.59 ms, found 2 plugins.
Preloading 0 native plugins for Editor in 0.00 ms.
Unloading 2663 Unused Serialized files (Serialized files now loaded: 0)
System memory in use before: 102.2 MB.
System memory in use after: 102.4 MB.

Unloading 10 unused Assets to reduce memory usage. Loaded Objects now: 3186.
Total: 2.229800 ms (FindLiveObjects: 0.224000 ms CreateObjectMapping: 0.158600 ms MarkObjects: 1.797900 ms  DeleteObjects: 0.048100 ms)

========================================================================
Received Prepare
Registering precompiled user dll's ...
Registered in 0.002316 seconds.
Begin MonoManager ReloadAssembly
Symbol file LoadedFromMemory doesn't match image C:\Users\arthi\Documents\UnityProjects\MidtermProject\Library\PackageCache\com.unity.visualscripting@1.6.1\Editor\VisualScripting.Core\Dependencies\YamlDotNet\Unity.VisualScripting.YamlDotNet.dll
Symbol file LoadedFromMemory doesn't match image C:\Users\arthi\Documents\UnityProjects\MidtermProject\Library\PackageCache\com.unity.visualscripting@1.6.1\Editor\VisualScripting.Core\Dependencies\DotNetZip\Unity.VisualScripting.IonicZip.dll
Native extension for WindowsStandalone target not found
Native extension for WebGL target not found
Refreshing native plugins compatible for Editor in 0.52 ms, found 2 plugins.
Preloading 0 native plugins for Editor in 0.00 ms.
Mono: successfully reloaded assembly
- Completed reload, in  0.784 seconds
Platform modules already initialized, skipping
Refreshing native plugins compatible for Editor in 0.47 ms, found 2 plugins.
Preloading 0 native plugins for Editor in 0.00 ms.
Unloading 2663 Unused Serialized files (Serialized files now loaded: 0)
System memory in use before: 102.2 MB.
System memory in use after: 102.4 MB.

Unloading 10 unused Assets to reduce memory usage. Loaded Objects now: 3189.
Total: 1.776800 ms (FindLiveObjects: 0.190900 ms CreateObjectMapping: 0.104800 ms MarkObjects: 1.443300 ms  DeleteObjects: 0.037000 ms)

========================================================================
Received Prepare
Registering precompiled user dll's ...
Registered in 0.002091 seconds.
Begin MonoManager ReloadAssembly
Symbol file LoadedFromMemory doesn't match image C:\Users\arthi\Documents\UnityProjects\MidtermProject\Library\PackageCache\com.unity.visualscripting@1.6.1\Editor\VisualScripting.Core\Dependencies\YamlDotNet\Unity.VisualScripting.YamlDotNet.dll
Symbol file LoadedFromMemory doesn't match image C:\Users\arthi\Documents\UnityProjects\MidtermProject\Library\PackageCache\com.unity.visualscripting@1.6.1\Editor\VisualScripting.Core\Dependencies\DotNetZip\Unity.VisualScripting.IonicZip.dll
Native extension for WindowsStandalone target not found
Native extension for WebGL target not found
Refreshing native plugins compatible for Editor in 0.57 ms, found 2 plugins.
Preloading 0 native plugins for Editor in 0.00 ms.
Mono: successfully reloaded assembly
- Completed reload, in  0.770 seconds
Platform modules already initialized, skipping
Refreshing native plugins compatible for Editor in 0.43 ms, found 2 plugins.
Preloading 0 native plugins for Editor in 0.00 ms.
Unloading 2663 Unused Serialized files (Serialized files now loaded: 0)
System memory in use before: 102.2 MB.
System memory in use after: 102.4 MB.

Unloading 10 unused Assets to reduce memory usage. Loaded Objects now: 3192.
Total: 1.578600 ms (FindLiveObjects: 0.183400 ms CreateObjectMapping: 0.095400 ms MarkObjects: 1.265400 ms  DeleteObjects: 0.033700 ms)

========================================================================
Received Import Request.
  Time since last request: 154.668190 seconds.
  path: Assets/Scripts/EnemyController.cs
  artifactKey: Guid(127aacdf2c510e342ba2812e6f4fb87c) Importer(815301076,1909f56bfc062723c751e8b465ee728b)
Start importing Assets/Scripts/EnemyController.cs using Guid(127aacdf2c510e342ba2812e6f4fb87c) Importer(815301076,1909f56bfc062723c751e8b465ee728b)  -> (artifact id: 'b546f8ba557bcf5d7b5d48b339c1ba69') in 0.015536 seconds 
========================================================================
Received Prepare
Registering precompiled user dll's ...
Registered in 0.003249 seconds.
Begin MonoManager ReloadAssembly
Symbol file LoadedFromMemory doesn't match image C:\Users\arthi\Documents\UnityProjects\MidtermProject\Library\PackageCache\com.unity.visualscripting@1.6.1\Editor\VisualScripting.Core\Dependencies\YamlDotNet\Unity.VisualScripting.YamlDotNet.dll
Symbol file LoadedFromMemory doesn't match image C:\Users\arthi\Documents\UnityProjects\MidtermProject\Library\PackageCache\com.unity.visualscripting@1.6.1\Editor\VisualScripting.Core\Dependencies\DotNetZip\Unity.VisualScripting.IonicZip.dll
Native extension for WindowsStandalone target not found
Native extension for WebGL target not found
Refreshing native plugins compatible for Editor in 0.51 ms, found 2 plugins.
Preloading 0 native plugins for Editor in 0.00 ms.
Mono: successfully reloaded assembly
- Completed reload, in  1.865 seconds
Platform modules already initialized, skipping
Refreshing native plugins compatible for Editor in 0.99 ms, found 2 plugins.
Preloading 0 native plugins for Editor in 0.00 ms.
Unloading 2664 Unused Serialized files (Serialized files now loaded: 0)
System memory in use before: 102.3 MB.
System memory in use after: 102.5 MB.

Unloading 10 unused Assets to reduce memory usage. Loaded Objects now: 3196.
Total: 2.492400 ms (FindLiveObjects: 0.233100 ms CreateObjectMapping: 0.155200 ms MarkObjects: 2.053800 ms  DeleteObjects: 0.048700 ms)

========================================================================
Received Prepare
Registering precompiled user dll's ...
Registered in 0.002622 seconds.
Begin MonoManager ReloadAssembly
Symbol file LoadedFromMemory doesn't match image C:\Users\arthi\Documents\UnityProjects\MidtermProject\Library\PackageCache\com.unity.visualscripting@1.6.1\Editor\VisualScripting.Core\Dependencies\YamlDotNet\Unity.VisualScripting.YamlDotNet.dll
Symbol file LoadedFromMemory doesn't match image C:\Users\arthi\Documents\UnityProjects\MidtermProject\Library\PackageCache\com.unity.visualscripting@1.6.1\Editor\VisualScripting.Core\Dependencies\DotNetZip\Unity.VisualScripting.IonicZip.dll
Native extension for WindowsStandalone target not found
Native extension for WebGL target not found
Refreshing native plugins compatible for Editor in 0.42 ms, found 2 plugins.
Preloading 0 native plugins for Editor in 0.00 ms.
Mono: successfully reloaded assembly
- Completed reload, in  0.759 seconds
Platform modules already initialized, skipping
Refreshing native plugins compatible for Editor in 0.49 ms, found 2 plugins.
Preloading 0 native plugins for Editor in 0.00 ms.
Unloading 2664 Unused Serialized files (Serialized files now loaded: 0)
System memory in use before: 102.3 MB.
System memory in use after: 102.5 MB.

Unloading 10 unused Assets to reduce memory usage. Loaded Objects now: 3199.
Total: 1.914900 ms (FindLiveObjects: 0.210400 ms CreateObjectMapping: 0.114900 ms MarkObjects: 1.546800 ms  DeleteObjects: 0.041200 ms)

========================================================================
Received Prepare
Registering precompiled user dll's ...
Registered in 0.002193 seconds.
Begin MonoManager ReloadAssembly
Symbol file LoadedFromMemory doesn't match image C:\Users\arthi\Documents\UnityProjects\MidtermProject\Library\PackageCache\com.unity.visualscripting@1.6.1\Editor\VisualScripting.Core\Dependencies\YamlDotNet\Unity.VisualScripting.YamlDotNet.dll
Symbol file LoadedFromMemory doesn't match image C:\Users\arthi\Documents\UnityProjects\MidtermProject\Library\PackageCache\com.unity.visualscripting@1.6.1\Editor\VisualScripting.Core\Dependencies\DotNetZip\Unity.VisualScripting.IonicZip.dll
Native extension for WindowsStandalone target not found
Native extension for WebGL target not found
Refreshing native plugins compatible for Editor in 0.45 ms, found 2 plugins.
Preloading 0 native plugins for Editor in 0.00 ms.
Mono: successfully reloaded assembly
- Completed reload, in  0.791 seconds
Platform modules already initialized, skipping
Refreshing native plugins compatible for Editor in 0.60 ms, found 2 plugins.
Preloading 0 native plugins for Editor in 0.00 ms.
Unloading 2664 Unused Serialized files (Serialized files now loaded: 0)
System memory in use before: 102.3 MB.
System memory in use after: 102.5 MB.

Unloading 10 unused Assets to reduce memory usage. Loaded Objects now: 3202.
Total: 2.356100 ms (FindLiveObjects: 0.193900 ms CreateObjectMapping: 0.109200 ms MarkObjects: 2.014000 ms  DeleteObjects: 0.038000 ms)

========================================================================
Received Import Request.
  Time since last request: 439.895092 seconds.
  path: Assets/Prefabs/Enemy.prefab
  artifactKey: Guid(83f5f0ffe96968549b538ac2894cb819) Importer(815301076,1909f56bfc062723c751e8b465ee728b)
Start importing Assets/Prefabs/Enemy.prefab using Guid(83f5f0ffe96968549b538ac2894cb819) Importer(815301076,1909f56bfc062723c751e8b465ee728b)  -> (artifact id: 'd9a8f8efa89492492c65b1f83d4d207f') in 0.051150 seconds 
========================================================================
Received Prepare
Registering precompiled user dll's ...
Registered in 0.002387 seconds.
Begin MonoManager ReloadAssembly
Symbol file LoadedFromMemory doesn't match image C:\Users\arthi\Documents\UnityProjects\MidtermProject\Library\PackageCache\com.unity.visualscripting@1.6.1\Editor\VisualScripting.Core\Dependencies\YamlDotNet\Unity.VisualScripting.YamlDotNet.dll
Symbol file LoadedFromMemory doesn't match image C:\Users\arthi\Documents\UnityProjects\MidtermProject\Library\PackageCache\com.unity.visualscripting@1.6.1\Editor\VisualScripting.Core\Dependencies\DotNetZip\Unity.VisualScripting.IonicZip.dll
Native extension for WindowsStandalone target not found
Native extension for WebGL target not found
Refreshing native plugins compatible for Editor in 1.21 ms, found 2 plugins.
Preloading 0 native plugins for Editor in 0.00 ms.
Mono: successfully reloaded assembly
- Completed reload, in  0.812 seconds
Platform modules already initialized, skipping
Refreshing native plugins compatible for Editor in 0.53 ms, found 2 plugins.
Preloading 0 native plugins for Editor in 0.00 ms.
Unloading 2664 Unused Serialized files (Serialized files now loaded: 0)
System memory in use before: 102.3 MB.
System memory in use after: 102.5 MB.

Unloading 10 unused Assets to reduce memory usage. Loaded Objects now: 3206.
Total: 1.726900 ms (FindLiveObjects: 0.226700 ms CreateObjectMapping: 0.102800 ms MarkObjects: 1.359400 ms  DeleteObjects: 0.037100 ms)

AssetImportWorkerClient::OnTransportError - code=2 error=End of file
